<?xml version="1.0" encoding="UTF-8"?>
<testsuites>
  <testsuite name="fastlane.lanes">
    
    
    
      
      <testcase classname="fastlane.lanes" name="0: Verifying required fastlane version" time="0.002764">
        
      </testcase>
    
      
      <testcase classname="fastlane.lanes" name="1: default_platform" time="0.002522">
        
      </testcase>
    
      
      <testcase classname="fastlane.lanes" name="2: Switch to android build_woah lane" time="0.002226">
        
      </testcase>
    
      
      <testcase classname="fastlane.lanes" name="3: gradle" time="4.929967">
        
          <failure message="/Users/pedro.amador/.fastlane/bin/bundle/lib/ruby/gems/2.2.0/gems/fastlane-2.64.0/fastlane/lib/fastlane/actions/actions_helper.rb:48:in `execute_action'&#10;/Users/pedro.amador/.fastlane/bin/bundle/lib/ruby/gems/2.2.0/gems/fastlane-2.64.0/fastlane/lib/fastlane/runner.rb:231:in `block in execute_action'&#10;/Users/pedro.amador/.fastlane/bin/bundle/lib/ruby/gems/2.2.0/gems/fastlane-2.64.0/fastlane/lib/fastlane/runner.rb:227:in `chdir'&#10;/Users/pedro.amador/.fastlane/bin/bundle/lib/ruby/gems/2.2.0/gems/fastlane-2.64.0/fastlane/lib/fastlane/runner.rb:227:in `execute_action'&#10;/Users/pedro.amador/.fastlane/bin/bundle/lib/ruby/gems/2.2.0/gems/fastlane-2.64.0/fastlane/lib/fastlane/runner.rb:148:in `trigger_action_by_name'&#10;/Users/pedro.amador/.fastlane/bin/bundle/lib/ruby/gems/2.2.0/gems/fastlane-2.64.0/fastlane/lib/fastlane/fast_file.rb:146:in `method_missing'&#10;Fastfile:112:in `block in parsing_binding'&#10;/Users/pedro.amador/.fastlane/bin/bundle/lib/ruby/gems/2.2.0/gems/fastlane-2.64.0/fastlane/lib/fastlane/lane.rb:33:in `call'&#10;/Users/pedro.amador/.fastlane/bin/bundle/lib/ruby/gems/2.2.0/gems/fastlane-2.64.0/fastlane/lib/fastlane/lane.rb:33:in `call'&#10;/Users/pedro.amador/.fastlane/bin/bundle/lib/ruby/gems/2.2.0/gems/fastlane-2.64.0/fastlane/lib/fastlane/runner.rb:201:in `try_switch_to_lane'&#10;/Users/pedro.amador/.fastlane/bin/bundle/lib/ruby/gems/2.2.0/gems/fastlane-2.64.0/fastlane/lib/fastlane/runner.rb:156:in `trigger_action_by_name'&#10;/Users/pedro.amador/.fastlane/bin/bundle/lib/ruby/gems/2.2.0/gems/fastlane-2.64.0/fastlane/lib/fastlane/fast_file.rb:146:in `method_missing'&#10;Fastfile:64:in `block (2 levels) in parsing_binding'&#10;/Users/pedro.amador/.fastlane/bin/bundle/lib/ruby/gems/2.2.0/gems/fastlane-2.64.0/fastlane/lib/fastlane/lane.rb:33:in `call'&#10;/Users/pedro.amador/.fastlane/bin/bundle/lib/ruby/gems/2.2.0/gems/fastlane-2.64.0/fastlane/lib/fastlane/lane.rb:33:in `call'&#10;/Users/pedro.amador/.fastlane/bin/bundle/lib/ruby/gems/2.2.0/gems/fastlane-2.64.0/fastlane/lib/fastlane/runner.rb:49:in `block in execute'&#10;/Users/pedro.amador/.fastlane/bin/bundle/lib/ruby/gems/2.2.0/gems/fastlane-2.64.0/fastlane/lib/fastlane/runner.rb:45:in `chdir'&#10;/Users/pedro.amador/.fastlane/bin/bundle/lib/ruby/gems/2.2.0/gems/fastlane-2.64.0/fastlane/lib/fastlane/runner.rb:45:in `execute'&#10;/Users/pedro.amador/.fastlane/bin/bundle/lib/ruby/gems/2.2.0/gems/fastlane-2.64.0/fastlane/lib/fastlane/lane_manager.rb:54:in `cruise_lane'&#10;/Users/pedro.amador/.fastlane/bin/bundle/lib/ruby/gems/2.2.0/gems/fastlane-2.64.0/fastlane/lib/fastlane/command_line_handler.rb:30:in `handle'&#10;/Users/pedro.amador/.fastlane/bin/bundle/lib/ruby/gems/2.2.0/gems/fastlane-2.64.0/fastlane/lib/fastlane/commands_generator.rb:104:in `block (2 levels) in run'&#10;/Users/pedro.amador/.fastlane/bin/bundle/lib/ruby/gems/2.2.0/gems/commander-fastlane-4.4.5/lib/commander/command.rb:178:in `call'&#10;/Users/pedro.amador/.fastlane/bin/bundle/lib/ruby/gems/2.2.0/gems/commander-fastlane-4.4.5/lib/commander/command.rb:178:in `call'&#10;/Users/pedro.amador/.fastlane/bin/bundle/lib/ruby/gems/2.2.0/gems/commander-fastlane-4.4.5/lib/commander/command.rb:153:in `run'&#10;/Users/pedro.amador/.fastlane/bin/bundle/lib/ruby/gems/2.2.0/gems/commander-fastlane-4.4.5/lib/commander/runner.rb:476:in `run_active_command'&#10;/Users/pedro.amador/.fastlane/bin/bundle/lib/ruby/gems/2.2.0/gems/fastlane-2.64.0/fastlane_core/lib/fastlane_core/ui/fastlane_runner.rb:66:in `run!'&#10;/Users/pedro.amador/.fastlane/bin/bundle/lib/ruby/gems/2.2.0/gems/commander-fastlane-4.4.5/lib/commander/delegates.rb:15:in `run!'&#10;/Users/pedro.amador/.fastlane/bin/bundle/lib/ruby/gems/2.2.0/gems/fastlane-2.64.0/fastlane/lib/fastlane/commands_generator.rb:303:in `run'&#10;/Users/pedro.amador/.fastlane/bin/bundle/lib/ruby/gems/2.2.0/gems/fastlane-2.64.0/fastlane/lib/fastlane/commands_generator.rb:42:in `start'&#10;/Users/pedro.amador/.fastlane/bin/bundle/lib/ruby/gems/2.2.0/gems/fastlane-2.64.0/fastlane/lib/fastlane/cli_tools_distributor.rb:66:in `take_off'&#10;/Users/pedro.amador/.fastlane/bin/bundle/lib/ruby/gems/2.2.0/gems/fastlane-2.64.0/bin/fastlane:20:in `&lt;top (required)&gt;'&#10;/Users/pedro.amador/.fastlane/bin/bundle/bin/fastlane:22:in `load'&#10;/Users/pedro.amador/.fastlane/bin/bundle/bin/fastlane:22:in `&lt;main&gt;'&#10;&#10;Exit status of command '/Users/pedro.amador/dev/woah/android/gradlew clean -p .' was 1 instead of 0.&#10;Parallel execution is an incubating feature.&#10;Checking the license for package Android SDK Build-Tools 26.0.2 in /Users/pedro.amador/Library/Android/sdk/licenses&#10;Warning: License for package Android SDK Build-Tools 26.0.2 not accepted.&#10;Checking the license for package Android SDK Platform 26 in /Users/pedro.amador/Library/Android/sdk/licenses&#10;Warning: License for package Android SDK Platform 26 not accepted.&#10;&#10;FAILURE: Build failed with an exception.&#10;&#10;* What went wrong:&#10;A problem occurred configuring project ':analytics'.&#10;&gt; You have not accepted the license agreements of the following SDK components:&#10;  [Android SDK Platform 26, Android SDK Build-Tools 26.0.2].&#10;  Before building your project, you need to accept the license agreements and complete the installation of the missing components using the Android Studio SDK Manager.&#10;  Alternatively, to learn how to transfer the license agreements from one workstation to another, go to http://d.android.com/r/studio-ui/export-licenses.html&#10;&#10;* Try:&#10;Run with --stacktrace option to get the stack trace. Run with --info or --debug option to get more log output.&#10;&#10;* Get more help at https://help.gradle.org&#10;&#10;BUILD FAILED in 4s&#10;" />
        
      </testcase>
    
  </testsuite>
</testsuites>
